<!DOCTYPE html PUBLIC "-//W3C//DTD XHTML 1.1//EN" "https://www.w3.org/TR/xhtml11/DTD/xhtml11.dtd">
<html xmlns="https://www.w3.org/1999/xhtml">
<head>
<meta http-equiv="content-type" content="text/html; charset=UTF-8"/>
<title>TestNG Report</title>
<style type="text/css">table {margin-bottom:10px;border-collapse:collapse;empty-cells:show}th,td {border:1px solid #009;padding:.25em .5em}th {vertical-align:bottom}td {vertical-align:top}table a {font-weight:bold}.stripe td {background-color: #E6EBF9}.num {text-align:right}.passedodd td {background-color: #3F3}.passedeven td {background-color: #0A0}.skippedodd td {background-color: #DDD}.skippedeven td {background-color: #CCC}.failedodd td,.attn {background-color: #F33}.failedeven td,.stripe .attn {background-color: #D00}.stacktrace {white-space:pre;font-family:monospace}.totop {font-size:85%;text-align:center;border-bottom:2px solid #000}.invisible {display:none}</style>
</head>
<body>
<table>
<tr><th>Test</th><th># Passed</th><th># Skipped</th><th># Retried</th><th># Failed</th><th>Time (ms)</th><th>Included Groups</th><th>Excluded Groups</th></tr>
<tr><th colspan="8">Default suite</th></tr>
<tr><td><a href="#t0">Default test</a></td><td class="num">0</td><td class="num">0</td><td class="num">0</td><td class="num attn">4</td><td class="num">45,407</td><td></td><td></td></tr>
</table>
<table id='summary'><thead><tr><th>Class</th><th>Method</th><th>Start</th><th>Time (ms)</th></tr></thead><tbody><tr><th colspan="4">Default suite</th></tr></tbody><tbody id="t0"><tr><th colspan="4">Default test &#8212; failed</th></tr><tr class="failedeven"><td rowspan="4">testRunners.TestRun</td><td><a href="#m0">runScenario</a></td><td rowspan="4">1727531124314</td><td rowspan="4">8259</td></tr><tr class="failedeven"><td><a href="#m1">runScenario</a></td></tr><tr class="failedeven"><td><a href="#m2">runScenario</a></td></tr><tr class="failedeven"><td><a href="#m3">runScenario</a></td></tr></tbody>
</table>
<h2>Default test</h2><h3 id="m0">testRunners.TestRun#runScenario</h3><table class="result"><tr class="param"><th>Parameter #1</th><th>Parameter #2</th></tr><tr class="param stripe"><td>&quot;2 Unsuccessful Login when provide invalid credintials&quot;</td><td>&quot;Validation of login functionality&quot;</td></tr><tr><th colspan="2">Exception</th></tr><tr><td colspan="2"><div class="stacktrace">org.openqa.selenium.NoSuchElementException: no such element: Unable to locate element: {&quot;method&quot;:&quot;xpath&quot;,&quot;selector&quot;:&quot;//li[&apos;No customer account found&apos;]&quot;}
  (Session info: MicrosoftEdge=129.0.2792.52)
For documentation on this error, please visit: https://www.selenium.dev/documentation/webdriver/troubleshooting/errors#no-such-element-exception
Build info: version: &apos;4.18.1&apos;, revision: &apos;b1d3319b48&apos;
System info: os.name: &apos;Windows 11&apos;, os.arch: &apos;amd64&apos;, os.version: &apos;10.0&apos;, java.version: &apos;17.0.7&apos;
Driver info: org.openqa.selenium.edge.EdgeDriver
Command: [b8818d92a397085f30d2449a87b266fe, findElement {value=//li[&apos;No customer account found&apos;], using=xpath}]
Capabilities {acceptInsecureCerts: false, browserName: MicrosoftEdge, browserVersion: 129.0.2792.52, fedcm:accounts: true, ms:edgeOptions: {debuggerAddress: localhost:59300}, msedge: {msedgedriverVersion: 129.0.2792.65 (7eae50a1bc8e..., userDataDir: C:\WINDOWS\SystemTemp\scope...}, networkConnectionEnabled: false, pageLoadStrategy: normal, platformName: windows, proxy: Proxy(), se:cdp: ws://localhost:59300/devtoo..., se:cdpVersion: 129.0.2792.52, setWindowRect: true, strictFileInteractability: false, timeouts: {implicit: 0, pageLoad: 300000, script: 30000}, unhandledPromptBehavior: dismiss and notify, webauthn:extension:credBlob: true, webauthn:extension:largeBlob: true, webauthn:extension:minPinLength: true, webauthn:extension:prf: true, webauthn:virtualAuthenticators: true}
Session ID: b8818d92a397085f30d2449a87b266fe
	at java.base/jdk.internal.reflect.NativeConstructorAccessorImpl.newInstance0(Native Method)
	at java.base/jdk.internal.reflect.NativeConstructorAccessorImpl.newInstance(NativeConstructorAccessorImpl.java:77)
	at java.base/jdk.internal.reflect.DelegatingConstructorAccessorImpl.newInstance(DelegatingConstructorAccessorImpl.java:45)
	at java.base/java.lang.reflect.Constructor.newInstanceWithCaller(Constructor.java:499)
	at java.base/java.lang.reflect.Constructor.newInstance(Constructor.java:480)
	at org.openqa.selenium.remote.ErrorCodec.decode(ErrorCodec.java:167)
	at org.openqa.selenium.remote.codec.w3c.W3CHttpResponseCodec.decode(W3CHttpResponseCodec.java:138)
	at org.openqa.selenium.remote.codec.w3c.W3CHttpResponseCodec.decode(W3CHttpResponseCodec.java:50)
	at org.openqa.selenium.remote.HttpCommandExecutor.execute(HttpCommandExecutor.java:190)
	at org.openqa.selenium.remote.service.DriverCommandExecutor.invokeExecute(DriverCommandExecutor.java:216)
	at org.openqa.selenium.remote.service.DriverCommandExecutor.execute(DriverCommandExecutor.java:174)
	at org.openqa.selenium.remote.RemoteWebDriver.execute(RemoteWebDriver.java:519)
	at org.openqa.selenium.remote.ElementLocation$ElementFinder$2.findElement(ElementLocation.java:165)
	at org.openqa.selenium.remote.ElementLocation.findElement(ElementLocation.java:59)
	at org.openqa.selenium.remote.RemoteWebDriver.findElement(RemoteWebDriver.java:356)
	at org.openqa.selenium.remote.RemoteWebDriver.findElement(RemoteWebDriver.java:350)
	at pageObjects.LoginPage.errorMessage(LoginPage.java:58)
	at testDefinitions.Steps.user_should_see_error_message(Steps.java:94)
	at ✽.user should see error message &quot;No customer account found&quot;(file:///C:/Users/2271459/eclipse-workspace/nopCommerce-Cmbr/./Features/Login.feature:24)
</div></td></tr></table><p class="totop"><a href="#summary">back to summary</a></p>
<h3 id="m1">testRunners.TestRun#runScenario</h3><table class="result"><tr class="param"><th>Parameter #1</th><th>Parameter #2</th></tr><tr class="param stripe"><td>&quot;3 Unsuccessful Login when provide valid email but invalid password&quot;</td><td>&quot;Validation of login functionality&quot;</td></tr><tr><th colspan="2">Exception</th></tr><tr><td colspan="2"><div class="stacktrace">org.openqa.selenium.NoSuchElementException: no such element: Unable to locate element: {&quot;method&quot;:&quot;xpath&quot;,&quot;selector&quot;:&quot;//li[&apos;The credentials provided are incorrect&apos;]&quot;}
  (Session info: MicrosoftEdge=129.0.2792.52)
For documentation on this error, please visit: https://www.selenium.dev/documentation/webdriver/troubleshooting/errors#no-such-element-exception
Build info: version: &apos;4.18.1&apos;, revision: &apos;b1d3319b48&apos;
System info: os.name: &apos;Windows 11&apos;, os.arch: &apos;amd64&apos;, os.version: &apos;10.0&apos;, java.version: &apos;17.0.7&apos;
Driver info: org.openqa.selenium.edge.EdgeDriver
Command: [f414f0083157779a8fa17d563d009774, findElement {value=//li[&apos;The credentials provided are incorrect&apos;], using=xpath}]
Capabilities {acceptInsecureCerts: false, browserName: MicrosoftEdge, browserVersion: 129.0.2792.52, fedcm:accounts: true, ms:edgeOptions: {debuggerAddress: localhost:59381}, msedge: {msedgedriverVersion: 129.0.2792.65 (7eae50a1bc8e..., userDataDir: C:\WINDOWS\SystemTemp\scope...}, networkConnectionEnabled: false, pageLoadStrategy: normal, platformName: windows, proxy: Proxy(), se:cdp: ws://localhost:59381/devtoo..., se:cdpVersion: 129.0.2792.52, setWindowRect: true, strictFileInteractability: false, timeouts: {implicit: 0, pageLoad: 300000, script: 30000}, unhandledPromptBehavior: dismiss and notify, webauthn:extension:credBlob: true, webauthn:extension:largeBlob: true, webauthn:extension:minPinLength: true, webauthn:extension:prf: true, webauthn:virtualAuthenticators: true}
Session ID: f414f0083157779a8fa17d563d009774
	at java.base/jdk.internal.reflect.NativeConstructorAccessorImpl.newInstance0(Native Method)
	at java.base/jdk.internal.reflect.NativeConstructorAccessorImpl.newInstance(NativeConstructorAccessorImpl.java:77)
	at java.base/jdk.internal.reflect.DelegatingConstructorAccessorImpl.newInstance(DelegatingConstructorAccessorImpl.java:45)
	at java.base/java.lang.reflect.Constructor.newInstanceWithCaller(Constructor.java:499)
	at java.base/java.lang.reflect.Constructor.newInstance(Constructor.java:480)
	at org.openqa.selenium.remote.ErrorCodec.decode(ErrorCodec.java:167)
	at org.openqa.selenium.remote.codec.w3c.W3CHttpResponseCodec.decode(W3CHttpResponseCodec.java:138)
	at org.openqa.selenium.remote.codec.w3c.W3CHttpResponseCodec.decode(W3CHttpResponseCodec.java:50)
	at org.openqa.selenium.remote.HttpCommandExecutor.execute(HttpCommandExecutor.java:190)
	at org.openqa.selenium.remote.service.DriverCommandExecutor.invokeExecute(DriverCommandExecutor.java:216)
	at org.openqa.selenium.remote.service.DriverCommandExecutor.execute(DriverCommandExecutor.java:174)
	at org.openqa.selenium.remote.RemoteWebDriver.execute(RemoteWebDriver.java:519)
	at org.openqa.selenium.remote.ElementLocation$ElementFinder$2.findElement(ElementLocation.java:165)
	at org.openqa.selenium.remote.ElementLocation.findElement(ElementLocation.java:59)
	at org.openqa.selenium.remote.RemoteWebDriver.findElement(RemoteWebDriver.java:356)
	at org.openqa.selenium.remote.RemoteWebDriver.findElement(RemoteWebDriver.java:350)
	at pageObjects.LoginPage.wronginput(LoginPage.java:65)
	at testDefinitions.Steps.user_should_see_wrong_credentials_message(Steps.java:100)
	at ✽.user should see wrong credentials message &quot;The credentials provided are incorrect&quot;(file:///C:/Users/2271459/eclipse-workspace/nopCommerce-Cmbr/./Features/Login.feature:35)
</div></td></tr></table><p class="totop"><a href="#summary">back to summary</a></p>
<h3 id="m2">testRunners.TestRun#runScenario</h3><table class="result"><tr class="param"><th>Parameter #1</th><th>Parameter #2</th></tr><tr class="param stripe"><td>&quot;1 Successful Login with valid credintials&quot;</td><td>&quot;Validation of login functionality&quot;</td></tr><tr><th colspan="2">Exception</th></tr><tr><td colspan="2"><div class="stacktrace">java.lang.AssertionError: expected [Just a moment...] but found [Dashboard / nopCommerce administration]
	at org.testng.Assert.fail(Assert.java:111)
	at org.testng.Assert.failNotEquals(Assert.java:1578)
	at org.testng.Assert.assertEqualsImpl(Assert.java:150)
	at org.testng.Assert.assertEquals(Assert.java:132)
	at org.testng.Assert.assertEquals(Assert.java:656)
	at org.testng.Assert.assertEquals(Assert.java:666)
	at testDefinitions.Steps.page_title_should_be(Steps.java:72)
	at ✽.Page Title should be &quot;Dashboard / nopCommerce administration&quot;(file:///C:/Users/2271459/eclipse-workspace/nopCommerce-Cmbr/./Features/Login.feature:12)
</div></td></tr></table><p class="totop"><a href="#summary">back to summary</a></p>
<h3 id="m3">testRunners.TestRun#runScenario</h3><table class="result"><tr class="param"><th>Parameter #1</th><th>Parameter #2</th></tr><tr class="param stripe"><td>&quot;2 Unsuccessful Login when provide invalid credintials&quot;</td><td>&quot;Validation of login functionality&quot;</td></tr><tr><th colspan="2">Exception</th></tr><tr><td colspan="2"><div class="stacktrace">org.openqa.selenium.NoSuchWindowException: no such window: target window already closed
from unknown error: web view not found
  (Session info: MicrosoftEdge=129.0.2792.52)
Build info: version: &apos;4.18.1&apos;, revision: &apos;b1d3319b48&apos;
System info: os.name: &apos;Windows 11&apos;, os.arch: &apos;amd64&apos;, os.version: &apos;10.0&apos;, java.version: &apos;17.0.7&apos;
Driver info: org.openqa.selenium.edge.EdgeDriver
Command: [60e4b9079cc57ecc7a7dc18192e7580f, findElement {value=Email, using=id}]
Capabilities {acceptInsecureCerts: false, browserName: MicrosoftEdge, browserVersion: 129.0.2792.52, fedcm:accounts: true, ms:edgeOptions: {debuggerAddress: localhost:59348}, msedge: {msedgedriverVersion: 129.0.2792.65 (7eae50a1bc8e..., userDataDir: C:\WINDOWS\SystemTemp\scope...}, networkConnectionEnabled: false, pageLoadStrategy: normal, platformName: windows, proxy: Proxy(), se:cdp: ws://localhost:59348/devtoo..., se:cdpVersion: 129.0.2792.52, setWindowRect: true, strictFileInteractability: false, timeouts: {implicit: 0, pageLoad: 300000, script: 30000}, unhandledPromptBehavior: dismiss and notify, webauthn:extension:credBlob: true, webauthn:extension:largeBlob: true, webauthn:extension:minPinLength: true, webauthn:extension:prf: true, webauthn:virtualAuthenticators: true}
Session ID: 60e4b9079cc57ecc7a7dc18192e7580f
	at java.base/jdk.internal.reflect.NativeConstructorAccessorImpl.newInstance0(Native Method)
	at java.base/jdk.internal.reflect.NativeConstructorAccessorImpl.newInstance(NativeConstructorAccessorImpl.java:77)
	at java.base/jdk.internal.reflect.DelegatingConstructorAccessorImpl.newInstance(DelegatingConstructorAccessorImpl.java:45)
	at java.base/java.lang.reflect.Constructor.newInstanceWithCaller(Constructor.java:499)
	at java.base/java.lang.reflect.Constructor.newInstance(Constructor.java:480)
	at org.openqa.selenium.remote.ErrorCodec.decode(ErrorCodec.java:167)
	at org.openqa.selenium.remote.codec.w3c.W3CHttpResponseCodec.decode(W3CHttpResponseCodec.java:138)
	at org.openqa.selenium.remote.codec.w3c.W3CHttpResponseCodec.decode(W3CHttpResponseCodec.java:50)
	at org.openqa.selenium.remote.HttpCommandExecutor.execute(HttpCommandExecutor.java:190)
	at org.openqa.selenium.remote.service.DriverCommandExecutor.invokeExecute(DriverCommandExecutor.java:216)
	at org.openqa.selenium.remote.service.DriverCommandExecutor.execute(DriverCommandExecutor.java:174)
	at org.openqa.selenium.remote.RemoteWebDriver.execute(RemoteWebDriver.java:519)
	at org.openqa.selenium.remote.ElementLocation$ElementFinder$2.findElement(ElementLocation.java:165)
	at org.openqa.selenium.remote.ElementLocation.findElement(ElementLocation.java:66)
	at org.openqa.selenium.remote.RemoteWebDriver.findElement(RemoteWebDriver.java:356)
	at org.openqa.selenium.remote.RemoteWebDriver.findElement(RemoteWebDriver.java:350)
	at pageObjects.LoginPage.email(LoginPage.java:30)
	at testDefinitions.Steps.user_enters_email_as_and_password_as(Steps.java:54)
	at ✽.User enters Email as &quot;admin@yourstor.com&quot; and Password as &quot;admi&quot;(file:///C:/Users/2271459/eclipse-workspace/nopCommerce-Cmbr/./Features/Login.feature:22)
</div></td></tr></table><p class="totop"><a href="#summary">back to summary</a></p>
</body>
</html>
